2023-05-27 14:45:33,884 [Worker-8: Loading available Gradle versions] INFO  o.e.b.c.i.u.g.PublishedGradleVersions - Gradle version information cache is up-to-date. Trying to read.
2023-05-27 15:37:22,686 [Start Help Server] INFO  org.eclipse.jetty.server.Server - jetty-10.0.13; built: 2022-12-07T20:13:20.134Z; git: 1c2636ea05c0ca8de1ffd6ca7f3a98ac084c766d; jvm 17.0.6+9-LTS-190
2023-05-27 15:37:22,708 [Start Help Server] INFO  o.e.j.s.s.DefaultSessionIdManager - Session workerName=node0
2023-05-27 15:37:22,731 [Start Help Server] INFO  o.e.j.server.handler.ContextHandler - Started o.e.j.s.ServletContextHandler@ef9048e{/help,null,AVAILABLE}
2023-05-27 15:37:22,746 [Start Help Server] INFO  o.e.jetty.server.AbstractConnector - Started ServerConnector@14c7fdcf{HTTP/1.1, (http/1.1)}{127.0.0.1:55010}
2023-05-27 15:37:22,748 [Start Help Server] INFO  org.eclipse.jetty.server.Server - Started Server@3d993acd{STARTING}[10.0.13,sto=0] @3129384ms
2023-05-27 15:41:24,657 [Stop Help Server] INFO  org.eclipse.jetty.server.Server - Stopped Server@3d993acd{STOPPING}[10.0.13,sto=0]
2023-05-27 15:41:24,660 [Stop Help Server] INFO  o.e.jetty.server.AbstractConnector - Stopped ServerConnector@14c7fdcf{HTTP/1.1, (http/1.1)}{127.0.0.1:0}
2023-05-27 15:41:24,666 [Stop Help Server] INFO  o.e.j.server.handler.ContextHandler - Stopped o.e.j.s.ServletContextHandler@ef9048e{/help,null,STOPPED}
2023-05-27 16:48:43,623 [Worker-1: Loading available Gradle versions] INFO  o.e.b.c.i.u.g.PublishedGradleVersions - Gradle version information cache is up-to-date. Trying to read.
2023-05-27 17:17:36,596 [Worker-6: Loading available Gradle versions] INFO  o.e.b.c.i.u.g.PublishedGradleVersions - Gradle version information cache is up-to-date. Trying to read.
2023-06-07 14:42:26,694 [Worker-1: Loading available Gradle versions] INFO  o.e.b.c.i.u.g.PublishedGradleVersions - Gradle version information cache is out-of-date. Trying to update.
2023-06-07 14:52:28,088 [Worker-31: Launching mavenrun-01f5ad62-16bc-488e-b864-2713198ce0b9] INFO  o.eclipse.m2e.core.internal.Bundles - getClasspathEntries(Bundle=org.eclipse.m2e.maven.runtime_3.8.701.20230209-1606 [271])
2023-06-07 14:52:28,094 [Worker-31: Launching mavenrun-01f5ad62-16bc-488e-b864-2713198ce0b9] INFO  o.eclipse.m2e.core.internal.Bundles - 	Entry: C:\Users\Admin\.p2\pool\plugins\org.eclipse.m2e.maven.runtime_3.8.701.20230209-1606
2023-06-07 14:52:28,095 [Worker-31: Launching mavenrun-01f5ad62-16bc-488e-b864-2713198ce0b9] INFO  o.eclipse.m2e.core.internal.Bundles - 	Entry: C:\Users\Admin\.p2\pool\plugins\org.eclipse.m2e.maven.runtime_3.8.701.20230209-1606\jars\aether-connector-okhttp-0.17.8.jar
2023-06-07 14:52:28,095 [Worker-31: Launching mavenrun-01f5ad62-16bc-488e-b864-2713198ce0b9] INFO  o.eclipse.m2e.core.internal.Bundles - 	Entry: C:\Users\Admin\.p2\pool\plugins\org.eclipse.m2e.maven.runtime_3.8.701.20230209-1606\jars\commons-lang3-3.8.1.jar
2023-06-07 14:52:28,095 [Worker-31: Launching mavenrun-01f5ad62-16bc-488e-b864-2713198ce0b9] INFO  o.eclipse.m2e.core.internal.Bundles - 	Entry: C:\Users\Admin\.p2\pool\plugins\org.eclipse.m2e.maven.runtime_3.8.701.20230209-1606\jars\guice-4.2.2-no_aop.jar
2023-06-07 14:52:28,095 [Worker-31: Launching mavenrun-01f5ad62-16bc-488e-b864-2713198ce0b9] INFO  o.eclipse.m2e.core.internal.Bundles - 	Entry: C:\Users\Admin\.p2\pool\plugins\org.eclipse.m2e.maven.runtime_3.8.701.20230209-1606\jars\jansi-2.4.0.jar
2023-06-07 14:52:28,095 [Worker-31: Launching mavenrun-01f5ad62-16bc-488e-b864-2713198ce0b9] INFO  o.eclipse.m2e.core.internal.Bundles - 	Entry: C:\Users\Admin\.p2\pool\plugins\org.eclipse.m2e.maven.runtime_3.8.701.20230209-1606\jars\maven-artifact-3.8.7.jar
2023-06-07 14:52:28,096 [Worker-31: Launching mavenrun-01f5ad62-16bc-488e-b864-2713198ce0b9] INFO  o.eclipse.m2e.core.internal.Bundles - 	Entry: C:\Users\Admin\.p2\pool\plugins\org.eclipse.m2e.maven.runtime_3.8.701.20230209-1606\jars\maven-builder-support-3.8.7.jar
2023-06-07 14:52:28,096 [Worker-31: Launching mavenrun-01f5ad62-16bc-488e-b864-2713198ce0b9] INFO  o.eclipse.m2e.core.internal.Bundles - 	Entry: C:\Users\Admin\.p2\pool\plugins\org.eclipse.m2e.maven.runtime_3.8.701.20230209-1606\jars\maven-compat-3.8.7.jar
2023-06-07 14:52:28,096 [Worker-31: Launching mavenrun-01f5ad62-16bc-488e-b864-2713198ce0b9] INFO  o.eclipse.m2e.core.internal.Bundles - 	Entry: C:\Users\Admin\.p2\pool\plugins\org.eclipse.m2e.maven.runtime_3.8.701.20230209-1606\jars\maven-core-3.8.7.jar
2023-06-07 14:52:28,096 [Worker-31: Launching mavenrun-01f5ad62-16bc-488e-b864-2713198ce0b9] INFO  o.eclipse.m2e.core.internal.Bundles - 	Entry: C:\Users\Admin\.p2\pool\plugins\org.eclipse.m2e.maven.runtime_3.8.701.20230209-1606\jars\maven-embedder-3.8.7.jar
2023-06-07 14:52:28,096 [Worker-31: Launching mavenrun-01f5ad62-16bc-488e-b864-2713198ce0b9] INFO  o.eclipse.m2e.core.internal.Bundles - 	Entry: C:\Users\Admin\.p2\pool\plugins\org.eclipse.m2e.maven.runtime_3.8.701.20230209-1606\jars\maven-model-3.8.7.jar
2023-06-07 14:52:28,097 [Worker-31: Launching mavenrun-01f5ad62-16bc-488e-b864-2713198ce0b9] INFO  o.eclipse.m2e.core.internal.Bundles - 	Entry: C:\Users\Admin\.p2\pool\plugins\org.eclipse.m2e.maven.runtime_3.8.701.20230209-1606\jars\maven-model-builder-3.8.7.jar
2023-06-07 14:52:28,097 [Worker-31: Launching mavenrun-01f5ad62-16bc-488e-b864-2713198ce0b9] INFO  o.eclipse.m2e.core.internal.Bundles - 	Entry: C:\Users\Admin\.p2\pool\plugins\org.eclipse.m2e.maven.runtime_3.8.701.20230209-1606\jars\maven-plugin-api-3.8.7.jar
2023-06-07 14:52:28,097 [Worker-31: Launching mavenrun-01f5ad62-16bc-488e-b864-2713198ce0b9] INFO  o.eclipse.m2e.core.internal.Bundles - 	Entry: C:\Users\Admin\.p2\pool\plugins\org.eclipse.m2e.maven.runtime_3.8.701.20230209-1606\jars\maven-repository-metadata-3.8.7.jar
2023-06-07 14:52:28,097 [Worker-31: Launching mavenrun-01f5ad62-16bc-488e-b864-2713198ce0b9] INFO  o.eclipse.m2e.core.internal.Bundles - 	Entry: C:\Users\Admin\.p2\pool\plugins\org.eclipse.m2e.maven.runtime_3.8.701.20230209-1606\jars\maven-resolver-api-1.6.3.jar
2023-06-07 14:52:28,097 [Worker-31: Launching mavenrun-01f5ad62-16bc-488e-b864-2713198ce0b9] INFO  o.eclipse.m2e.core.internal.Bundles - 	Entry: C:\Users\Admin\.p2\pool\plugins\org.eclipse.m2e.maven.runtime_3.8.701.20230209-1606\jars\maven-resolver-connector-basic-1.6.3.jar
2023-06-07 14:52:28,098 [Worker-31: Launching mavenrun-01f5ad62-16bc-488e-b864-2713198ce0b9] INFO  o.eclipse.m2e.core.internal.Bundles - 	Entry: C:\Users\Admin\.p2\pool\plugins\org.eclipse.m2e.maven.runtime_3.8.701.20230209-1606\jars\maven-resolver-impl-1.6.3.jar
2023-06-07 14:52:28,098 [Worker-31: Launching mavenrun-01f5ad62-16bc-488e-b864-2713198ce0b9] INFO  o.eclipse.m2e.core.internal.Bundles - 	Entry: C:\Users\Admin\.p2\pool\plugins\org.eclipse.m2e.maven.runtime_3.8.701.20230209-1606\jars\maven-resolver-provider-3.8.7.jar
2023-06-07 14:52:28,098 [Worker-31: Launching mavenrun-01f5ad62-16bc-488e-b864-2713198ce0b9] INFO  o.eclipse.m2e.core.internal.Bundles - 	Entry: C:\Users\Admin\.p2\pool\plugins\org.eclipse.m2e.maven.runtime_3.8.701.20230209-1606\jars\maven-resolver-spi-1.6.3.jar
2023-06-07 14:52:28,098 [Worker-31: Launching mavenrun-01f5ad62-16bc-488e-b864-2713198ce0b9] INFO  o.eclipse.m2e.core.internal.Bundles - 	Entry: C:\Users\Admin\.p2\pool\plugins\org.eclipse.m2e.maven.runtime_3.8.701.20230209-1606\jars\maven-resolver-transport-wagon-1.6.3.jar
2023-06-07 14:52:28,098 [Worker-31: Launching mavenrun-01f5ad62-16bc-488e-b864-2713198ce0b9] INFO  o.eclipse.m2e.core.internal.Bundles - 	Entry: C:\Users\Admin\.p2\pool\plugins\org.eclipse.m2e.maven.runtime_3.8.701.20230209-1606\jars\maven-resolver-util-1.6.3.jar
2023-06-07 14:52:28,099 [Worker-31: Launching mavenrun-01f5ad62-16bc-488e-b864-2713198ce0b9] INFO  o.eclipse.m2e.core.internal.Bundles - 	Entry: C:\Users\Admin\.p2\pool\plugins\org.eclipse.m2e.maven.runtime_3.8.701.20230209-1606\jars\maven-settings-3.8.7.jar
2023-06-07 14:52:28,099 [Worker-31: Launching mavenrun-01f5ad62-16bc-488e-b864-2713198ce0b9] INFO  o.eclipse.m2e.core.internal.Bundles - 	Entry: C:\Users\Admin\.p2\pool\plugins\org.eclipse.m2e.maven.runtime_3.8.701.20230209-1606\jars\maven-settings-builder-3.8.7.jar
2023-06-07 14:52:28,099 [Worker-31: Launching mavenrun-01f5ad62-16bc-488e-b864-2713198ce0b9] INFO  o.eclipse.m2e.core.internal.Bundles - 	Entry: C:\Users\Admin\.p2\pool\plugins\org.eclipse.m2e.maven.runtime_3.8.701.20230209-1606\jars\maven-shared-utils-3.3.4.jar
2023-06-07 14:52:28,099 [Worker-31: Launching mavenrun-01f5ad62-16bc-488e-b864-2713198ce0b9] INFO  o.eclipse.m2e.core.internal.Bundles - 	Entry: C:\Users\Admin\.p2\pool\plugins\org.eclipse.m2e.maven.runtime_3.8.701.20230209-1606\jars\okhttp-3.14.1.jar
2023-06-07 14:52:28,099 [Worker-31: Launching mavenrun-01f5ad62-16bc-488e-b864-2713198ce0b9] INFO  o.eclipse.m2e.core.internal.Bundles - 	Entry: C:\Users\Admin\.p2\pool\plugins\org.eclipse.m2e.maven.runtime_3.8.701.20230209-1606\jars\okio-1.17.3.jar
2023-06-07 14:52:28,099 [Worker-31: Launching mavenrun-01f5ad62-16bc-488e-b864-2713198ce0b9] INFO  o.eclipse.m2e.core.internal.Bundles - 	Entry: C:\Users\Admin\.p2\pool\plugins\org.eclipse.m2e.maven.runtime_3.8.701.20230209-1606\jars\org.eclipse.sisu.inject-0.3.5.jar
2023-06-07 14:52:28,099 [Worker-31: Launching mavenrun-01f5ad62-16bc-488e-b864-2713198ce0b9] INFO  o.eclipse.m2e.core.internal.Bundles - 	Entry: C:\Users\Admin\.p2\pool\plugins\org.eclipse.m2e.maven.runtime_3.8.701.20230209-1606\jars\org.eclipse.sisu.plexus-0.3.5.jar
2023-06-07 14:52:28,100 [Worker-31: Launching mavenrun-01f5ad62-16bc-488e-b864-2713198ce0b9] INFO  o.eclipse.m2e.core.internal.Bundles - 	Entry: C:\Users\Admin\.p2\pool\plugins\org.eclipse.m2e.maven.runtime_3.8.701.20230209-1606\jars\plexus-build-api-0.0.7.jar
2023-06-07 14:52:28,100 [Worker-31: Launching mavenrun-01f5ad62-16bc-488e-b864-2713198ce0b9] INFO  o.eclipse.m2e.core.internal.Bundles - 	Entry: C:\Users\Admin\.p2\pool\plugins\org.eclipse.m2e.maven.runtime_3.8.701.20230209-1606\jars\plexus-cipher-2.0.jar
2023-06-07 14:52:28,100 [Worker-31: Launching mavenrun-01f5ad62-16bc-488e-b864-2713198ce0b9] INFO  o.eclipse.m2e.core.internal.Bundles - 	Entry: C:\Users\Admin\.p2\pool\plugins\org.eclipse.m2e.maven.runtime_3.8.701.20230209-1606\jars\plexus-classworlds-2.6.0.jar
2023-06-07 14:52:28,100 [Worker-31: Launching mavenrun-01f5ad62-16bc-488e-b864-2713198ce0b9] INFO  o.eclipse.m2e.core.internal.Bundles - 	Entry: C:\Users\Admin\.p2\pool\plugins\org.eclipse.m2e.maven.runtime_3.8.701.20230209-1606\jars\plexus-component-annotations-2.1.0.jar
2023-06-07 14:52:28,100 [Worker-31: Launching mavenrun-01f5ad62-16bc-488e-b864-2713198ce0b9] INFO  o.eclipse.m2e.core.internal.Bundles - 	Entry: C:\Users\Admin\.p2\pool\plugins\org.eclipse.m2e.maven.runtime_3.8.701.20230209-1606\jars\plexus-interpolation-1.26.jar
2023-06-07 14:52:28,100 [Worker-31: Launching mavenrun-01f5ad62-16bc-488e-b864-2713198ce0b9] INFO  o.eclipse.m2e.core.internal.Bundles - 	Entry: C:\Users\Admin\.p2\pool\plugins\org.eclipse.m2e.maven.runtime_3.8.701.20230209-1606\jars\plexus-sec-dispatcher-2.0.jar
2023-06-07 14:52:28,101 [Worker-31: Launching mavenrun-01f5ad62-16bc-488e-b864-2713198ce0b9] INFO  o.eclipse.m2e.core.internal.Bundles - 	Entry: C:\Users\Admin\.p2\pool\plugins\org.eclipse.m2e.maven.runtime_3.8.701.20230209-1606\jars\plexus-utils-3.3.1.jar
2023-06-07 14:52:28,101 [Worker-31: Launching mavenrun-01f5ad62-16bc-488e-b864-2713198ce0b9] INFO  o.eclipse.m2e.core.internal.Bundles - 	Entry: C:\Users\Admin\.p2\pool\plugins\org.eclipse.m2e.maven.runtime_3.8.701.20230209-1606\jars\wagon-file-3.5.3.jar
2023-06-07 14:52:28,101 [Worker-31: Launching mavenrun-01f5ad62-16bc-488e-b864-2713198ce0b9] INFO  o.eclipse.m2e.core.internal.Bundles - 	Entry: C:\Users\Admin\.p2\pool\plugins\org.eclipse.m2e.maven.runtime_3.8.701.20230209-1606\jars\wagon-provider-api-3.5.3.jar
2023-06-07 14:52:28,105 [Worker-31: Launching mavenrun-01f5ad62-16bc-488e-b864-2713198ce0b9] INFO  o.eclipse.m2e.core.internal.Bundles - getClasspathEntries(Bundle=com.google.guava_31.1.0.jre [9])
2023-06-07 14:52:28,105 [Worker-31: Launching mavenrun-01f5ad62-16bc-488e-b864-2713198ce0b9] INFO  o.eclipse.m2e.core.internal.Bundles - 	Entry: C:\Users\Admin\.p2\pool\plugins\com.google.guava_31.1.0.jre.jar
2023-06-07 14:52:28,106 [Worker-31: Launching mavenrun-01f5ad62-16bc-488e-b864-2713198ce0b9] INFO  o.eclipse.m2e.core.internal.Bundles - getClasspathEntries(Bundle=slf4j.api_1.7.36 [439])
2023-06-07 14:52:28,107 [Worker-31: Launching mavenrun-01f5ad62-16bc-488e-b864-2713198ce0b9] INFO  o.eclipse.m2e.core.internal.Bundles - 	Entry: C:\Users\Admin\.p2\pool\plugins\slf4j.api_1.7.36.jar
2023-06-07 14:52:28,107 [Worker-31: Launching mavenrun-01f5ad62-16bc-488e-b864-2713198ce0b9] INFO  o.eclipse.m2e.core.internal.Bundles - getClasspathEntries(Bundle=javax.inject_1.0.0.v20220405-0441 [21])
2023-06-07 14:52:28,109 [Worker-31: Launching mavenrun-01f5ad62-16bc-488e-b864-2713198ce0b9] INFO  o.eclipse.m2e.core.internal.Bundles - 	Entry: C:\Users\Admin\.p2\pool\plugins\javax.inject_1.0.0.v20220405-0441.jar
2023-06-07 14:52:28,109 [Worker-31: Launching mavenrun-01f5ad62-16bc-488e-b864-2713198ce0b9] INFO  o.eclipse.m2e.core.internal.Bundles - getClasspathEntries(Bundle=javax.annotation_1.3.5.v20221203-1659 [19])
2023-06-07 14:52:28,110 [Worker-31: Launching mavenrun-01f5ad62-16bc-488e-b864-2713198ce0b9] INFO  o.eclipse.m2e.core.internal.Bundles - 	Entry: C:\Users\Admin\.p2\pool\plugins\javax.annotation_1.3.5.v20221203-1659.jar
2023-06-07 14:52:28,110 [Worker-31: Launching mavenrun-01f5ad62-16bc-488e-b864-2713198ce0b9] INFO  o.eclipse.m2e.core.internal.Bundles - getClasspathEntries(Bundle=org.apache.commons.cli_1.4.0.v20221112-0806 [41])
2023-06-07 14:52:28,111 [Worker-31: Launching mavenrun-01f5ad62-16bc-488e-b864-2713198ce0b9] INFO  o.eclipse.m2e.core.internal.Bundles - 	Entry: C:\Users\Admin\.p2\pool\plugins\org.apache.commons.cli_1.4.0.v20221112-0806.jar
2023-06-07 14:52:28,111 [Worker-31: Launching mavenrun-01f5ad62-16bc-488e-b864-2713198ce0b9] INFO  o.eclipse.m2e.core.internal.Bundles - getClasspathEntries(Bundle=com.google.guava.failureaccess_1.0.1 [11])
2023-06-07 14:52:28,112 [Worker-31: Launching mavenrun-01f5ad62-16bc-488e-b864-2713198ce0b9] INFO  o.eclipse.m2e.core.internal.Bundles - 	Entry: C:\Users\Admin\.p2\pool\plugins\com.google.guava.failureaccess_1.0.1.jar
2023-06-07 14:52:28,127 [Worker-31: Launching mavenrun-01f5ad62-16bc-488e-b864-2713198ce0b9] INFO  o.e.m.i.launch.MavenLaunchDelegate - Run build in "C:\tmp\m2e-archetypeGenerator8505933942652102552":
2023-06-07 14:52:28,130 [Worker-31: Launching mavenrun-01f5ad62-16bc-488e-b864-2713198ce0b9] INFO  o.e.m.i.launch.MavenLaunchDelegate -  mvn  -DarchetypeGroupId=org.apache.maven.archetypes -DarchetypeArtifactId=maven-archetype-webapp -DarchetypeVersion=1.4 -DgroupId=Demo -DartifactId=24_ISE-2 -Dversion=0.0.1-SNAPSHOT -Dpackage=Demo._ISE_2 -DoutputDirectory=C:\Users\Admin\eclipse-workspace\Sample1\target -Dstyle.color=always -U archetype:generate
2023-06-07 14:57:58,316 [Worker-6: Loading available Gradle versions] INFO  o.e.b.c.i.u.g.PublishedGradleVersions - Gradle version information cache is up-to-date. Trying to read.
2023-06-07 14:59:48,228 [ModalContext] INFO  o.e.m.c.i.e.AbstractTransferListenerAdapter - Downloading https://repo.maven.apache.org/maven2/org/bytesizebook/com/guide/boot/maven-archetype-webapp/1.0/maven-archetype-webapp-1.0.pom
2023-06-07 14:59:48,301 [ModalContext] INFO  o.e.m.c.i.e.AbstractTransferListenerAdapter - Downloaded https://repo.maven.apache.org/maven2/org/bytesizebook/com/guide/boot/maven-archetype-webapp/1.0/maven-archetype-webapp-1.0.pom
2023-06-07 14:59:48,363 [ModalContext] INFO  o.e.m.c.i.e.AbstractTransferListenerAdapter - Downloading https://repo.maven.apache.org/maven2/org/bytesizebook/com/guide/boot/maven-archetype-webapp/1.0/maven-archetype-webapp-1.0.jar
2023-06-07 14:59:48,382 [ModalContext] INFO  o.e.m.c.i.e.AbstractTransferListenerAdapter - Downloaded https://repo.maven.apache.org/maven2/org/bytesizebook/com/guide/boot/maven-archetype-webapp/1.0/maven-archetype-webapp-1.0.jar
2023-06-07 14:59:56,747 [Worker-31: Launching mavenrun-3860913f-a47f-4b80-89af-3052c0a8bd7a] INFO  o.eclipse.m2e.core.internal.Bundles - getClasspathEntries(Bundle=org.eclipse.m2e.maven.runtime_3.8.701.20230209-1606 [271])
2023-06-07 14:59:56,751 [Worker-31: Launching mavenrun-3860913f-a47f-4b80-89af-3052c0a8bd7a] INFO  o.eclipse.m2e.core.internal.Bundles - 	Entry: C:\Users\Admin\.p2\pool\plugins\org.eclipse.m2e.maven.runtime_3.8.701.20230209-1606
2023-06-07 14:59:56,751 [Worker-31: Launching mavenrun-3860913f-a47f-4b80-89af-3052c0a8bd7a] INFO  o.eclipse.m2e.core.internal.Bundles - 	Entry: C:\Users\Admin\.p2\pool\plugins\org.eclipse.m2e.maven.runtime_3.8.701.20230209-1606\jars\aether-connector-okhttp-0.17.8.jar
2023-06-07 14:59:56,752 [Worker-31: Launching mavenrun-3860913f-a47f-4b80-89af-3052c0a8bd7a] INFO  o.eclipse.m2e.core.internal.Bundles - 	Entry: C:\Users\Admin\.p2\pool\plugins\org.eclipse.m2e.maven.runtime_3.8.701.20230209-1606\jars\commons-lang3-3.8.1.jar
2023-06-07 14:59:56,752 [Worker-31: Launching mavenrun-3860913f-a47f-4b80-89af-3052c0a8bd7a] INFO  o.eclipse.m2e.core.internal.Bundles - 	Entry: C:\Users\Admin\.p2\pool\plugins\org.eclipse.m2e.maven.runtime_3.8.701.20230209-1606\jars\guice-4.2.2-no_aop.jar
2023-06-07 14:59:56,752 [Worker-31: Launching mavenrun-3860913f-a47f-4b80-89af-3052c0a8bd7a] INFO  o.eclipse.m2e.core.internal.Bundles - 	Entry: C:\Users\Admin\.p2\pool\plugins\org.eclipse.m2e.maven.runtime_3.8.701.20230209-1606\jars\jansi-2.4.0.jar
2023-06-07 14:59:56,752 [Worker-31: Launching mavenrun-3860913f-a47f-4b80-89af-3052c0a8bd7a] INFO  o.eclipse.m2e.core.internal.Bundles - 	Entry: C:\Users\Admin\.p2\pool\plugins\org.eclipse.m2e.maven.runtime_3.8.701.20230209-1606\jars\maven-artifact-3.8.7.jar
2023-06-07 14:59:56,752 [Worker-31: Launching mavenrun-3860913f-a47f-4b80-89af-3052c0a8bd7a] INFO  o.eclipse.m2e.core.internal.Bundles - 	Entry: C:\Users\Admin\.p2\pool\plugins\org.eclipse.m2e.maven.runtime_3.8.701.20230209-1606\jars\maven-builder-support-3.8.7.jar
2023-06-07 14:59:56,752 [Worker-31: Launching mavenrun-3860913f-a47f-4b80-89af-3052c0a8bd7a] INFO  o.eclipse.m2e.core.internal.Bundles - 	Entry: C:\Users\Admin\.p2\pool\plugins\org.eclipse.m2e.maven.runtime_3.8.701.20230209-1606\jars\maven-compat-3.8.7.jar
2023-06-07 14:59:56,753 [Worker-31: Launching mavenrun-3860913f-a47f-4b80-89af-3052c0a8bd7a] INFO  o.eclipse.m2e.core.internal.Bundles - 	Entry: C:\Users\Admin\.p2\pool\plugins\org.eclipse.m2e.maven.runtime_3.8.701.20230209-1606\jars\maven-core-3.8.7.jar
2023-06-07 14:59:56,753 [Worker-31: Launching mavenrun-3860913f-a47f-4b80-89af-3052c0a8bd7a] INFO  o.eclipse.m2e.core.internal.Bundles - 	Entry: C:\Users\Admin\.p2\pool\plugins\org.eclipse.m2e.maven.runtime_3.8.701.20230209-1606\jars\maven-embedder-3.8.7.jar
2023-06-07 14:59:56,753 [Worker-31: Launching mavenrun-3860913f-a47f-4b80-89af-3052c0a8bd7a] INFO  o.eclipse.m2e.core.internal.Bundles - 	Entry: C:\Users\Admin\.p2\pool\plugins\org.eclipse.m2e.maven.runtime_3.8.701.20230209-1606\jars\maven-model-3.8.7.jar
2023-06-07 14:59:56,753 [Worker-31: Launching mavenrun-3860913f-a47f-4b80-89af-3052c0a8bd7a] INFO  o.eclipse.m2e.core.internal.Bundles - 	Entry: C:\Users\Admin\.p2\pool\plugins\org.eclipse.m2e.maven.runtime_3.8.701.20230209-1606\jars\maven-model-builder-3.8.7.jar
2023-06-07 14:59:56,753 [Worker-31: Launching mavenrun-3860913f-a47f-4b80-89af-3052c0a8bd7a] INFO  o.eclipse.m2e.core.internal.Bundles - 	Entry: C:\Users\Admin\.p2\pool\plugins\org.eclipse.m2e.maven.runtime_3.8.701.20230209-1606\jars\maven-plugin-api-3.8.7.jar
2023-06-07 14:59:56,753 [Worker-31: Launching mavenrun-3860913f-a47f-4b80-89af-3052c0a8bd7a] INFO  o.eclipse.m2e.core.internal.Bundles - 	Entry: C:\Users\Admin\.p2\pool\plugins\org.eclipse.m2e.maven.runtime_3.8.701.20230209-1606\jars\maven-repository-metadata-3.8.7.jar
2023-06-07 14:59:56,754 [Worker-31: Launching mavenrun-3860913f-a47f-4b80-89af-3052c0a8bd7a] INFO  o.eclipse.m2e.core.internal.Bundles - 	Entry: C:\Users\Admin\.p2\pool\plugins\org.eclipse.m2e.maven.runtime_3.8.701.20230209-1606\jars\maven-resolver-api-1.6.3.jar
2023-06-07 14:59:56,754 [Worker-31: Launching mavenrun-3860913f-a47f-4b80-89af-3052c0a8bd7a] INFO  o.eclipse.m2e.core.internal.Bundles - 	Entry: C:\Users\Admin\.p2\pool\plugins\org.eclipse.m2e.maven.runtime_3.8.701.20230209-1606\jars\maven-resolver-connector-basic-1.6.3.jar
2023-06-07 14:59:56,754 [Worker-31: Launching mavenrun-3860913f-a47f-4b80-89af-3052c0a8bd7a] INFO  o.eclipse.m2e.core.internal.Bundles - 	Entry: C:\Users\Admin\.p2\pool\plugins\org.eclipse.m2e.maven.runtime_3.8.701.20230209-1606\jars\maven-resolver-impl-1.6.3.jar
2023-06-07 14:59:56,754 [Worker-31: Launching mavenrun-3860913f-a47f-4b80-89af-3052c0a8bd7a] INFO  o.eclipse.m2e.core.internal.Bundles - 	Entry: C:\Users\Admin\.p2\pool\plugins\org.eclipse.m2e.maven.runtime_3.8.701.20230209-1606\jars\maven-resolver-provider-3.8.7.jar
2023-06-07 14:59:56,754 [Worker-31: Launching mavenrun-3860913f-a47f-4b80-89af-3052c0a8bd7a] INFO  o.eclipse.m2e.core.internal.Bundles - 	Entry: C:\Users\Admin\.p2\pool\plugins\org.eclipse.m2e.maven.runtime_3.8.701.20230209-1606\jars\maven-resolver-spi-1.6.3.jar
2023-06-07 14:59:56,754 [Worker-31: Launching mavenrun-3860913f-a47f-4b80-89af-3052c0a8bd7a] INFO  o.eclipse.m2e.core.internal.Bundles - 	Entry: C:\Users\Admin\.p2\pool\plugins\org.eclipse.m2e.maven.runtime_3.8.701.20230209-1606\jars\maven-resolver-transport-wagon-1.6.3.jar
2023-06-07 14:59:56,754 [Worker-31: Launching mavenrun-3860913f-a47f-4b80-89af-3052c0a8bd7a] INFO  o.eclipse.m2e.core.internal.Bundles - 	Entry: C:\Users\Admin\.p2\pool\plugins\org.eclipse.m2e.maven.runtime_3.8.701.20230209-1606\jars\maven-resolver-util-1.6.3.jar
2023-06-07 14:59:56,754 [Worker-31: Launching mavenrun-3860913f-a47f-4b80-89af-3052c0a8bd7a] INFO  o.eclipse.m2e.core.internal.Bundles - 	Entry: C:\Users\Admin\.p2\pool\plugins\org.eclipse.m2e.maven.runtime_3.8.701.20230209-1606\jars\maven-settings-3.8.7.jar
2023-06-07 14:59:56,755 [Worker-31: Launching mavenrun-3860913f-a47f-4b80-89af-3052c0a8bd7a] INFO  o.eclipse.m2e.core.internal.Bundles - 	Entry: C:\Users\Admin\.p2\pool\plugins\org.eclipse.m2e.maven.runtime_3.8.701.20230209-1606\jars\maven-settings-builder-3.8.7.jar
2023-06-07 14:59:56,755 [Worker-31: Launching mavenrun-3860913f-a47f-4b80-89af-3052c0a8bd7a] INFO  o.eclipse.m2e.core.internal.Bundles - 	Entry: C:\Users\Admin\.p2\pool\plugins\org.eclipse.m2e.maven.runtime_3.8.701.20230209-1606\jars\maven-shared-utils-3.3.4.jar
2023-06-07 14:59:56,755 [Worker-31: Launching mavenrun-3860913f-a47f-4b80-89af-3052c0a8bd7a] INFO  o.eclipse.m2e.core.internal.Bundles - 	Entry: C:\Users\Admin\.p2\pool\plugins\org.eclipse.m2e.maven.runtime_3.8.701.20230209-1606\jars\okhttp-3.14.1.jar
2023-06-07 14:59:56,755 [Worker-31: Launching mavenrun-3860913f-a47f-4b80-89af-3052c0a8bd7a] INFO  o.eclipse.m2e.core.internal.Bundles - 	Entry: C:\Users\Admin\.p2\pool\plugins\org.eclipse.m2e.maven.runtime_3.8.701.20230209-1606\jars\okio-1.17.3.jar
2023-06-07 14:59:56,755 [Worker-31: Launching mavenrun-3860913f-a47f-4b80-89af-3052c0a8bd7a] INFO  o.eclipse.m2e.core.internal.Bundles - 	Entry: C:\Users\Admin\.p2\pool\plugins\org.eclipse.m2e.maven.runtime_3.8.701.20230209-1606\jars\org.eclipse.sisu.inject-0.3.5.jar
2023-06-07 14:59:56,755 [Worker-31: Launching mavenrun-3860913f-a47f-4b80-89af-3052c0a8bd7a] INFO  o.eclipse.m2e.core.internal.Bundles - 	Entry: C:\Users\Admin\.p2\pool\plugins\org.eclipse.m2e.maven.runtime_3.8.701.20230209-1606\jars\org.eclipse.sisu.plexus-0.3.5.jar
2023-06-07 14:59:56,756 [Worker-31: Launching mavenrun-3860913f-a47f-4b80-89af-3052c0a8bd7a] INFO  o.eclipse.m2e.core.internal.Bundles - 	Entry: C:\Users\Admin\.p2\pool\plugins\org.eclipse.m2e.maven.runtime_3.8.701.20230209-1606\jars\plexus-build-api-0.0.7.jar
2023-06-07 14:59:56,756 [Worker-31: Launching mavenrun-3860913f-a47f-4b80-89af-3052c0a8bd7a] INFO  o.eclipse.m2e.core.internal.Bundles - 	Entry: C:\Users\Admin\.p2\pool\plugins\org.eclipse.m2e.maven.runtime_3.8.701.20230209-1606\jars\plexus-cipher-2.0.jar
2023-06-07 14:59:56,756 [Worker-31: Launching mavenrun-3860913f-a47f-4b80-89af-3052c0a8bd7a] INFO  o.eclipse.m2e.core.internal.Bundles - 	Entry: C:\Users\Admin\.p2\pool\plugins\org.eclipse.m2e.maven.runtime_3.8.701.20230209-1606\jars\plexus-classworlds-2.6.0.jar
2023-06-07 14:59:56,756 [Worker-31: Launching mavenrun-3860913f-a47f-4b80-89af-3052c0a8bd7a] INFO  o.eclipse.m2e.core.internal.Bundles - 	Entry: C:\Users\Admin\.p2\pool\plugins\org.eclipse.m2e.maven.runtime_3.8.701.20230209-1606\jars\plexus-component-annotations-2.1.0.jar
2023-06-07 14:59:56,756 [Worker-31: Launching mavenrun-3860913f-a47f-4b80-89af-3052c0a8bd7a] INFO  o.eclipse.m2e.core.internal.Bundles - 	Entry: C:\Users\Admin\.p2\pool\plugins\org.eclipse.m2e.maven.runtime_3.8.701.20230209-1606\jars\plexus-interpolation-1.26.jar
2023-06-07 14:59:56,756 [Worker-31: Launching mavenrun-3860913f-a47f-4b80-89af-3052c0a8bd7a] INFO  o.eclipse.m2e.core.internal.Bundles - 	Entry: C:\Users\Admin\.p2\pool\plugins\org.eclipse.m2e.maven.runtime_3.8.701.20230209-1606\jars\plexus-sec-dispatcher-2.0.jar
2023-06-07 14:59:56,757 [Worker-31: Launching mavenrun-3860913f-a47f-4b80-89af-3052c0a8bd7a] INFO  o.eclipse.m2e.core.internal.Bundles - 	Entry: C:\Users\Admin\.p2\pool\plugins\org.eclipse.m2e.maven.runtime_3.8.701.20230209-1606\jars\plexus-utils-3.3.1.jar
2023-06-07 14:59:56,757 [Worker-31: Launching mavenrun-3860913f-a47f-4b80-89af-3052c0a8bd7a] INFO  o.eclipse.m2e.core.internal.Bundles - 	Entry: C:\Users\Admin\.p2\pool\plugins\org.eclipse.m2e.maven.runtime_3.8.701.20230209-1606\jars\wagon-file-3.5.3.jar
2023-06-07 14:59:56,757 [Worker-31: Launching mavenrun-3860913f-a47f-4b80-89af-3052c0a8bd7a] INFO  o.eclipse.m2e.core.internal.Bundles - 	Entry: C:\Users\Admin\.p2\pool\plugins\org.eclipse.m2e.maven.runtime_3.8.701.20230209-1606\jars\wagon-provider-api-3.5.3.jar
2023-06-07 14:59:56,760 [Worker-31: Launching mavenrun-3860913f-a47f-4b80-89af-3052c0a8bd7a] INFO  o.eclipse.m2e.core.internal.Bundles - getClasspathEntries(Bundle=com.google.guava_31.1.0.jre [9])
2023-06-07 14:59:56,760 [Worker-31: Launching mavenrun-3860913f-a47f-4b80-89af-3052c0a8bd7a] INFO  o.eclipse.m2e.core.internal.Bundles - 	Entry: C:\Users\Admin\.p2\pool\plugins\com.google.guava_31.1.0.jre.jar
2023-06-07 14:59:56,760 [Worker-31: Launching mavenrun-3860913f-a47f-4b80-89af-3052c0a8bd7a] INFO  o.eclipse.m2e.core.internal.Bundles - getClasspathEntries(Bundle=slf4j.api_1.7.36 [439])
2023-06-07 14:59:56,761 [Worker-31: Launching mavenrun-3860913f-a47f-4b80-89af-3052c0a8bd7a] INFO  o.eclipse.m2e.core.internal.Bundles - 	Entry: C:\Users\Admin\.p2\pool\plugins\slf4j.api_1.7.36.jar
2023-06-07 14:59:56,761 [Worker-31: Launching mavenrun-3860913f-a47f-4b80-89af-3052c0a8bd7a] INFO  o.eclipse.m2e.core.internal.Bundles - getClasspathEntries(Bundle=javax.inject_1.0.0.v20220405-0441 [21])
2023-06-07 14:59:56,763 [Worker-31: Launching mavenrun-3860913f-a47f-4b80-89af-3052c0a8bd7a] INFO  o.eclipse.m2e.core.internal.Bundles - 	Entry: C:\Users\Admin\.p2\pool\plugins\javax.inject_1.0.0.v20220405-0441.jar
2023-06-07 14:59:56,763 [Worker-31: Launching mavenrun-3860913f-a47f-4b80-89af-3052c0a8bd7a] INFO  o.eclipse.m2e.core.internal.Bundles - getClasspathEntries(Bundle=javax.annotation_1.3.5.v20221203-1659 [19])
2023-06-07 14:59:56,764 [Worker-31: Launching mavenrun-3860913f-a47f-4b80-89af-3052c0a8bd7a] INFO  o.eclipse.m2e.core.internal.Bundles - 	Entry: C:\Users\Admin\.p2\pool\plugins\javax.annotation_1.3.5.v20221203-1659.jar
2023-06-07 14:59:56,764 [Worker-31: Launching mavenrun-3860913f-a47f-4b80-89af-3052c0a8bd7a] INFO  o.eclipse.m2e.core.internal.Bundles - getClasspathEntries(Bundle=org.apache.commons.cli_1.4.0.v20221112-0806 [41])
2023-06-07 14:59:56,765 [Worker-31: Launching mavenrun-3860913f-a47f-4b80-89af-3052c0a8bd7a] INFO  o.eclipse.m2e.core.internal.Bundles - 	Entry: C:\Users\Admin\.p2\pool\plugins\org.apache.commons.cli_1.4.0.v20221112-0806.jar
2023-06-07 14:59:56,765 [Worker-31: Launching mavenrun-3860913f-a47f-4b80-89af-3052c0a8bd7a] INFO  o.eclipse.m2e.core.internal.Bundles - getClasspathEntries(Bundle=com.google.guava.failureaccess_1.0.1 [11])
2023-06-07 14:59:56,766 [Worker-31: Launching mavenrun-3860913f-a47f-4b80-89af-3052c0a8bd7a] INFO  o.eclipse.m2e.core.internal.Bundles - 	Entry: C:\Users\Admin\.p2\pool\plugins\com.google.guava.failureaccess_1.0.1.jar
2023-06-07 14:59:56,776 [Worker-31: Launching mavenrun-3860913f-a47f-4b80-89af-3052c0a8bd7a] INFO  o.e.m.i.launch.MavenLaunchDelegate - Run build in "C:\tmp\m2e-archetypeGenerator1361728112094262648":
2023-06-07 14:59:56,778 [Worker-31: Launching mavenrun-3860913f-a47f-4b80-89af-3052c0a8bd7a] INFO  o.e.m.i.launch.MavenLaunchDelegate -  mvn  -DarchetypeGroupId=org.bytesizebook.com.guide.boot -DarchetypeArtifactId=maven-archetype-webapp -DarchetypeVersion=1.0 -DgroupId=Demo -DartifactId=24_navin -Dversion=0.0.1-SNAPSHOT -Dpackage=Demo._navin -DoutputDirectory=C:\Users\Admin\eclipse-workspace\Sample1\24_ISE-2 -Dstyle.color=always -U archetype:generate
